  LinkedList.cpp
C:\Users\Diana\2023-cpp-autumn\2024.05.02-Pet-Project\MyBook.h(12,18): error C2059: синтаксическая ошибка: константа
C:\Users\Diana\2023-cpp-autumn\2024.05.02-Pet-Project\MyBook.h(12,23): error C4430: отсутствует спецификатор типа - предполагается int. Примечание. C++ не поддерживает int по умолчанию
C:\Users\Diana\2023-cpp-autumn\2024.05.02-Pet-Project\MyBook.h(12,23): warning C4183: SetConsoleCP: отсутствие возвращаемого типа; предполагается функция-член, возвращающая "int"
C:\Users\Diana\2023-cpp-autumn\2024.05.02-Pet-Project\MyBook.h(13,21): error C2059: синтаксическая ошибка: константа
C:\Users\Diana\2023-cpp-autumn\2024.05.02-Pet-Project\MyBook.h(13,26): error C4430: отсутствует спецификатор типа - предполагается int. Примечание. C++ не поддерживает int по умолчанию
C:\Users\Diana\2023-cpp-autumn\2024.05.02-Pet-Project\MyBook.h(13,26): warning C4183: SetConsoleOutputCP: отсутствие возвращаемого типа; предполагается функция-член, возвращающая "int"
  MyBook.cpp
C:\Users\Diana\2023-cpp-autumn\2024.05.02-Pet-Project\MyBook.h(12,18): error C2059: синтаксическая ошибка: константа
C:\Users\Diana\2023-cpp-autumn\2024.05.02-Pet-Project\MyBook.h(12,23): error C4430: отсутствует спецификатор типа - предполагается int. Примечание. C++ не поддерживает int по умолчанию
C:\Users\Diana\2023-cpp-autumn\2024.05.02-Pet-Project\MyBook.h(12,23): warning C4183: SetConsoleCP: отсутствие возвращаемого типа; предполагается функция-член, возвращающая "int"
C:\Users\Diana\2023-cpp-autumn\2024.05.02-Pet-Project\MyBook.h(13,21): error C2059: синтаксическая ошибка: константа
C:\Users\Diana\2023-cpp-autumn\2024.05.02-Pet-Project\MyBook.h(13,26): error C4430: отсутствует спецификатор типа - предполагается int. Примечание. C++ не поддерживает int по умолчанию
C:\Users\Diana\2023-cpp-autumn\2024.05.02-Pet-Project\MyBook.h(13,26): warning C4183: SetConsoleOutputCP: отсутствие возвращаемого типа; предполагается функция-член, возвращающая "int"
C:\Users\Diana\2023-cpp-autumn\2024.05.02-Pet-Project\MyBook.cpp(48,25): warning C4267: =: преобразование из "size_t" в "int"; возможна потеря данных
  Pet.cpp
C:\Users\Diana\2023-cpp-autumn\2024.05.02-Pet-Project\MyBook.h(12,18): error C2059: синтаксическая ошибка: константа
C:\Users\Diana\2023-cpp-autumn\2024.05.02-Pet-Project\MyBook.h(12,23): error C4430: отсутствует спецификатор типа - предполагается int. Примечание. C++ не поддерживает int по умолчанию
C:\Users\Diana\2023-cpp-autumn\2024.05.02-Pet-Project\MyBook.h(12,23): warning C4183: SetConsoleCP: отсутствие возвращаемого типа; предполагается функция-член, возвращающая "int"
C:\Users\Diana\2023-cpp-autumn\2024.05.02-Pet-Project\MyBook.h(13,21): error C2059: синтаксическая ошибка: константа
C:\Users\Diana\2023-cpp-autumn\2024.05.02-Pet-Project\MyBook.h(13,26): error C4430: отсутствует спецификатор типа - предполагается int. Примечание. C++ не поддерживает int по умолчанию
C:\Users\Diana\2023-cpp-autumn\2024.05.02-Pet-Project\MyBook.h(13,26): warning C4183: SetConsoleOutputCP: отсутствие возвращаемого типа; предполагается функция-член, возвращающая "int"
  Создание кода...
